<?xml version="1.0" encoding="UTF-8"?>
<testsuite xmlns:xsi="http://www.w3.org/2001/XMLSchema-instance" xsi:noNamespaceSchemaLocation="https://maven.apache.org/surefire/maven-surefire-plugin/xsd/surefire-test-report.xsd" name="com.nikki.junitapp.ejemplos.models.CuentaTest" time="3.091" tests="12" errors="0" skipped="1" failures="0">
  <properties>
    <property name="java.specification.version" value="18"/>
    <property name="sun.cpu.isalist" value="amd64"/>
    <property name="sun.jnu.encoding" value="Cp1252"/>
    <property name="java.class.path" value="C:\Users\cabal\projects_git\junit5App\target\test-classes;C:\Users\cabal\projects_git\junit5App\target\classes;C:\Users\cabal\.m2\repository\org\junit\jupiter\junit-jupiter\5.9.1\junit-jupiter-5.9.1.jar;C:\Users\cabal\.m2\repository\org\junit\jupiter\junit-jupiter-api\5.9.1\junit-jupiter-api-5.9.1.jar;C:\Users\cabal\.m2\repository\org\opentest4j\opentest4j\1.2.0\opentest4j-1.2.0.jar;C:\Users\cabal\.m2\repository\org\junit\platform\junit-platform-commons\1.9.1\junit-platform-commons-1.9.1.jar;C:\Users\cabal\.m2\repository\org\apiguardian\apiguardian-api\1.1.2\apiguardian-api-1.1.2.jar;C:\Users\cabal\.m2\repository\org\junit\jupiter\junit-jupiter-params\5.9.1\junit-jupiter-params-5.9.1.jar;C:\Users\cabal\.m2\repository\org\junit\jupiter\junit-jupiter-engine\5.9.1\junit-jupiter-engine-5.9.1.jar;C:\Users\cabal\.m2\repository\org\junit\platform\junit-platform-engine\1.9.1\junit-platform-engine-1.9.1.jar;"/>
    <property name="java.vm.vendor" value="Oracle Corporation"/>
    <property name="sun.arch.data.model" value="64"/>
    <property name="user.variant" value=""/>
    <property name="java.vendor.url" value="https://java.oracle.com/"/>
    <property name="user.timezone" value="America/Mexico_City"/>
    <property name="os.name" value="Windows 10"/>
    <property name="java.vm.specification.version" value="18"/>
    <property name="sun.java.launcher" value="SUN_STANDARD"/>
    <property name="user.country" value="MX"/>
    <property name="sun.boot.library.path" value="C:\Program Files\Java\jdk-18\bin"/>
    <property name="sun.java.command" value="C:\Users\cabal\AppData\Local\Temp\surefire5593430581263570371\surefirebooter8197788380928100113.jar C:\Users\cabal\AppData\Local\Temp\surefire5593430581263570371 2023-04-30T23-46-08_511-jvmRun1 surefire10407169139262951973tmp surefire_018349459738225322171tmp"/>
    <property name="jdk.debug" value="release"/>
    <property name="surefire.test.class.path" value="C:\Users\cabal\projects_git\junit5App\target\test-classes;C:\Users\cabal\projects_git\junit5App\target\classes;C:\Users\cabal\.m2\repository\org\junit\jupiter\junit-jupiter\5.9.1\junit-jupiter-5.9.1.jar;C:\Users\cabal\.m2\repository\org\junit\jupiter\junit-jupiter-api\5.9.1\junit-jupiter-api-5.9.1.jar;C:\Users\cabal\.m2\repository\org\opentest4j\opentest4j\1.2.0\opentest4j-1.2.0.jar;C:\Users\cabal\.m2\repository\org\junit\platform\junit-platform-commons\1.9.1\junit-platform-commons-1.9.1.jar;C:\Users\cabal\.m2\repository\org\apiguardian\apiguardian-api\1.1.2\apiguardian-api-1.1.2.jar;C:\Users\cabal\.m2\repository\org\junit\jupiter\junit-jupiter-params\5.9.1\junit-jupiter-params-5.9.1.jar;C:\Users\cabal\.m2\repository\org\junit\jupiter\junit-jupiter-engine\5.9.1\junit-jupiter-engine-5.9.1.jar;C:\Users\cabal\.m2\repository\org\junit\platform\junit-platform-engine\1.9.1\junit-platform-engine-1.9.1.jar;"/>
    <property name="sun.cpu.endian" value="little"/>
    <property name="user.home" value="C:\Users\cabal"/>
    <property name="user.language" value="es"/>
    <property name="java.specification.vendor" value="Oracle Corporation"/>
    <property name="java.version.date" value="2022-03-22"/>
    <property name="java.home" value="C:\Program Files\Java\jdk-18"/>
    <property name="file.separator" value="\"/>
    <property name="basedir" value="C:\Users\cabal\projects_git\junit5App"/>
    <property name="java.vm.compressedOopsMode" value="Zero based"/>
    <property name="line.separator" value="&#10;"/>
    <property name="java.vm.specification.vendor" value="Oracle Corporation"/>
    <property name="java.specification.name" value="Java Platform API Specification"/>
    <property name="surefire.real.class.path" value="C:\Users\cabal\AppData\Local\Temp\surefire5593430581263570371\surefirebooter8197788380928100113.jar"/>
    <property name="user.script" value=""/>
    <property name="sun.management.compiler" value="HotSpot 64-Bit Tiered Compilers"/>
    <property name="java.runtime.version" value="18+36-2087"/>
    <property name="user.name" value="cabal"/>
    <property name="path.separator" value=";"/>
    <property name="os.version" value="10.0"/>
    <property name="java.runtime.name" value="Java(TM) SE Runtime Environment"/>
    <property name="file.encoding" value="UTF-8"/>
    <property name="java.vm.name" value="Java HotSpot(TM) 64-Bit Server VM"/>
    <property name="localRepository" value="C:\Users\cabal\.m2\repository"/>
    <property name="java.vendor.url.bug" value="https://bugreport.java.com/bugreport/"/>
    <property name="java.io.tmpdir" value="C:\Users\cabal\AppData\Local\Temp\"/>
    <property name="java.version" value="18"/>
    <property name="user.dir" value="C:\Users\cabal\projects_git\junit5App"/>
    <property name="os.arch" value="amd64"/>
    <property name="java.vm.specification.name" value="Java Virtual Machine Specification"/>
    <property name="sun.os.patch.level" value=""/>
    <property name="native.encoding" value="Cp1252"/>
    <property name="java.library.path" value="C:\Program Files\Java\jdk-18\bin;C:\Windows\Sun\Java\bin;C:\Windows\system32;C:\Windows;C:\Program Files\Common Files\Oracle\Java\javapath;C:\Windows\system32;C:\Windows;C:\Windows\System32\Wbem;C:\Windows\System32\WindowsPowerShell\v1.0\;C:\Windows\System32\OpenSSH\;C:\Program Files\Git\cmd;C:\Users\cabal\AppData\Roaming\nvm;C:\Program Files\nodejs;C:\Users\cabal\AppData\Local\Microsoft\WindowsApps;C:\Users\cabal\AppData\Local\Programs\Microsoft VS Code\bin;C:\Users\cabal\AppData\Roaming\npm;C:\Users\cabal\AppData\Roaming\nvm;C:\Program Files\nodejs;C:\Users\cabal\AppData\Roaming\npm;C:\Users\cabal\AppData\Roaming\nvm;C:\Program Files\JetBrains\IntelliJ IDEA Educational Edition 2021.3.4\bin;;C:\Users\cabal\AppData\Local\GitHubDesktop\bin;C:\Users\cabal\apache-maven-3.9.1\bin;;."/>
    <property name="java.vm.info" value="mixed mode, sharing"/>
    <property name="java.vendor" value="Oracle Corporation"/>
    <property name="java.vm.version" value="18+36-2087"/>
    <property name="sun.io.unicode.encoding" value="UnicodeLittle"/>
    <property name="java.class.version" value="62.0"/>
  </properties>
  <testcase name="testDineroInsuficienteExceptionCuenta" classname="com.nikki.junitapp.ejemplos.models.CuentaTest" time="0.481"/>
  <testcase name="testRelacionBancoCuentas" classname="com.nikki.junitapp.ejemplos.models.CuentaTest" time="0">
    <skipped message="void com.nikki.junitapp.ejemplos.models.CuentaTest.testRelacionBancoCuentas() is @Disabled"/>
  </testcase>
  <testcase name="testCreditoCuenta" classname="com.nikki.junitapp.ejemplos.models.CuentaTest$CuentaOperacionesTest" time="0.371"/>
  <testcase name="testDebitoCuenta{RepetitionInfo}[1]" classname="com.nikki.junitapp.ejemplos.models.CuentaTest$CuentaOperacionesTest" time="0.476"/>
  <testcase name="testDebitoCuenta{RepetitionInfo}[2]" classname="com.nikki.junitapp.ejemplos.models.CuentaTest$CuentaOperacionesTest" time="0.041"/>
  <testcase name="testDebitoCuenta{RepetitionInfo}[3]" classname="com.nikki.junitapp.ejemplos.models.CuentaTest$CuentaOperacionesTest" time="0.053"/>
  <testcase name="testDebitoCuenta{RepetitionInfo}[4]" classname="com.nikki.junitapp.ejemplos.models.CuentaTest$CuentaOperacionesTest" time="0.013"/>
  <testcase name="testDebitoCuenta{RepetitionInfo}[5]" classname="com.nikki.junitapp.ejemplos.models.CuentaTest$CuentaOperacionesTest" time="0.036"/>
  <testcase name="testTransferirDineroCuentas" classname="com.nikki.junitapp.ejemplos.models.CuentaTest$CuentaOperacionesTest" time="0.029"/>
  <testcase name="testSaldoCuenta" classname="com.nikki.junitapp.ejemplos.models.CuentaTest$CuentaTestNombreSaldo" time="0.033"/>
  <testcase name="testReferenciaCuenta" classname="com.nikki.junitapp.ejemplos.models.CuentaTest$CuentaTestNombreSaldo" time="0.014"/>
  <testcase name="testNombreCuenta" classname="com.nikki.junitapp.ejemplos.models.CuentaTest$CuentaTestNombreSaldo" time="0.025"/>
</testsuite>